Build started 5/29/2014 11:51:29 PM.
     1>Project "C:\Users\ZGorlock\Coding\C++\Visual Studios Workplace\Tutorial\String Similarity\String Similarity.vcxproj" on node 2 (Build target(s)).
     1>ClCompile:
         C:\Program Files (x86)\Microsoft Visual Studio 12.0\VC\bin\CL.exe /c /ZI /nologo /W3 /WX- /Od /Oy- /D _MBCS /Gm /EHsc /RTC1 /MDd /GS /fp:precise /Zc:wchar_t /Zc:forScope /Fo"Debug\\" /Fd"Debug\vc120.pdb" /Gd /TP /analyze- /errorReport:prompt double_metaphone.cpp "string similarity.cpp"
         string similarity.cpp
     1>c:\users\zgorlock\coding\c++\visual studios workplace\tutorial\string similarity\string similarity.cpp(52): error C3861: 'max': identifier not found
     1>c:\users\zgorlock\coding\c++\visual studios workplace\tutorial\string similarity\string similarity.cpp(59): error C3861: 'max': identifier not found
         double_metaphone.cpp
         Generating Code...
     1>Done Building Project "C:\Users\ZGorlock\Coding\C++\Visual Studios Workplace\Tutorial\String Similarity\String Similarity.vcxproj" (Build target(s)) -- FAILED.

Build FAILED.

Time Elapsed 00:00:05.04
