Build started 11/3/2014 12:27:25 AM.
     1>Project "C:\Users\ZGorlock\Coding\C++\Visual Studios Workplace\tre\tre\tre.vcxproj" on node 2 (Build target(s)).
     1>ClCompile:
         C:\Program Files (x86)\Microsoft Visual Studio 12.0\VC\bin\CL.exe /c /ZI /nologo /W3 /WX- /sdl /Od /Oy- /D _MBCS /Gm /EHsc /RTC1 /MDd /GS /fp:precise /Zc:wchar_t /Zc:forScope /Fo"Debug\\" /Fd"Debug\vc120.pdb" /Gd /TP /analyze- /errorReport:prompt test.cpp
         test.cpp
     1>c:\users\zgorlock\coding\c++\visual studios workplace\tre\tre\tre\tre-internal.h(167): error C2236: unexpected token 'class'. Did you forget a ';'?
     1>c:\users\zgorlock\coding\c++\visual studios workplace\tre\tre\tre\tre-internal.h(167): error C2332: 'class' : missing tag name
     1>c:\users\zgorlock\coding\c++\visual studios workplace\tre\tre\tre\tre-internal.h(167): error C2027: use of undefined type 'tnfa_transition::<unnamed-tag>'
                 c:\users\zgorlock\coding\c++\visual studios workplace\tre\tre\tre\tre-internal.h(167) : see declaration of 'tnfa_transition::<unnamed-tag>'
     1>Done Building Project "C:\Users\ZGorlock\Coding\C++\Visual Studios Workplace\tre\tre\tre.vcxproj" (Build target(s)) -- FAILED.

Build FAILED.

Time Elapsed 00:00:00.27
